[StreamSocket] 2025-11-16 20:16:18:1618 [32minfo[39m: [32mSocket.IO configurado para streaming[39m {}
[StreamSocket] 2025-11-17 02:27:34:2734 [32minfo[39m: [32mSocket.IO configurado para streaming[39m {}
[StreamSocket] 2025-11-17 02:32:16:3216 [32minfo[39m: [32mSocket.IO configurado para streaming[39m {}
[StreamSocket] 2025-11-17 17:17:38:1738 [32minfo[39m: [32mSocket.IO configurado para streaming[39m {}
[StreamSocket] 2025-11-17 17:41:35:4135 [32minfo[39m: [32mSocket.IO configurado para streaming[39m {}
[StreamSocket] 2025-11-17 18:18:53:1853 [32minfo[39m: [32mSocket.IO configurado para streaming[39m {}
[StreamSocket] 2025-11-17 22:57:08:578 [32minfo[39m: [32mCliente conectado: 5CrX_LYx8HL5bvekAAAB[39m {}
[StreamSocket] 2025-11-17 22:57:08:578 [32minfo[39m: [32mUsuario Streamer (streamer) se unió al stream stream_4cc86391-ce44-4d99-9690-51ccf7f60830[39m {}
[StreamSocket] 2025-11-17 22:57:08:578 [32minfo[39m: [32mWebRTC offer enviado en stream stream_4cc86391-ce44-4d99-9690-51ccf7f60830[39m {}
[StreamSocket] 2025-11-17 22:57:33:5733 [32minfo[39m: [32mMensaje en stream stream_4cc86391-ce44-4d99-9690-51ccf7f60830 de Streamer: ezequiel funciona tu front[39m {}
[StreamSocket] 2025-11-17 22:57:37:5737 [32minfo[39m: [32mCliente desconectado: 5CrX_LYx8HL5bvekAAAB[39m {}
[StreamSocket] 2025-11-17 22:59:13:5913 [32minfo[39m: [32mCliente conectado: PVoFMSMYeYBtX0cPAAAD[39m {}
[StreamSocket] 2025-11-17 22:59:13:5913 [32minfo[39m: [32mUsuario Invitado (guest_1763431153629) se unió al stream stream_4cc86391-ce44-4d99-9690-51ccf7f60830[39m {}
[StreamSocket] 2025-11-17 22:59:17:5917 [32minfo[39m: [32mUsuario guest_1763431157782 salió del stream stream_4cc86391-ce44-4d99-9690-51ccf7f60830[39m {}
[StreamSocket] 2025-11-17 22:59:17:5917 [32minfo[39m: [32mCliente desconectado: PVoFMSMYeYBtX0cPAAAD[39m {}
[StreamSocket] 2025-11-17 22:59:21:5921 [32minfo[39m: [32mCliente conectado: p3HysxFOWMLhOEAlAAAF[39m {}
[StreamSocket] 2025-11-17 22:59:21:5921 [32minfo[39m: [32mUsuario Streamer (streamer) se unió al stream stream_4cc86391-ce44-4d99-9690-51ccf7f60830[39m {}
[StreamSocket] 2025-11-17 22:59:21:5921 [32minfo[39m: [32mWebRTC offer enviado en stream stream_4cc86391-ce44-4d99-9690-51ccf7f60830[39m {}
[StreamSocket] 2025-11-17 22:59:25:5925 [32minfo[39m: [32mCliente desconectado: p3HysxFOWMLhOEAlAAAF[39m {}
[StreamSocket] 2025-11-18 09:02:32:232 [32minfo[39m: [32mSocket.IO configurado para streaming[39m {}
[StreamSocket] 2025-11-18 09:12:55:1255 [32minfo[39m: [32mSocket.IO configurado para streaming[39m {}
[StreamSocket] 2025-11-18 09:24:17:2417 [32minfo[39m: [32mSocket.IO configurado para streaming[39m {}
[StreamSocket] 2025-11-18 09:54:47:5447 [32minfo[39m: [32mSocket.IO configurado para streaming[39m {}
[StreamSocket] 2025-11-18 09:56:53:5653 [32minfo[39m: [32mSocket.IO configurado para streaming[39m {}
[StreamSocket] 2025-11-18 10:09:23:923 [32minfo[39m: [32mSocket.IO configurado para streaming[39m {}
[StreamSocket] 2025-11-18 10:39:26:3926 [32minfo[39m: [32mSocket.IO configurado para streaming[39m {}
[StreamSocket] 2025-11-18 10:43:53:4353 [32minfo[39m: [32mSocket.IO configurado para streaming[39m {}
[StreamSocket] 2025-11-18 10:51:50:5150 [32minfo[39m: [32mSocket.IO configurado para streaming[39m {}
[StreamSocket] 2025-11-18 10:52:51:5251 [32minfo[39m: [32mSocket.IO configurado para streaming[39m {}
[StreamSocket] 2025-11-18 10:57:08:578 [32minfo[39m: [32mSocket.IO configurado para streaming[39m {}
[StreamSocket] 2025-11-18 11:15:10:1510 [32minfo[39m: [32mSocket.IO configurado para streaming[39m {}
[StreamSocket] 2025-11-18 11:30:47:3047 [32minfo[39m: [32mSocket.IO configurado para streaming[39m {}
[StreamSocket] 2025-11-18 12:03:21:321 [32minfo[39m: [32mSocket.IO configurado para streaming[39m {}
[StreamSocket] 2025-11-18 12:06:10:610 [32minfo[39m: [32mSocket.IO configurado para streaming[39m {}
[StreamSocket] 2025-11-18 13:05:52:552 [32minfo[39m: [32mSocket.IO configurado para streaming[39m {}
[StreamSocket] 2025-11-18 13:16:40:1640 [32minfo[39m: [32mSocket.IO configurado para streaming[39m {}
[StreamSocket] 2025-11-20 16:53:17:5317 [32minfo[39m: [32mSocket.IO configurado para streaming[39m {}
[StreamSocket] 2025-11-20 17:12:36:1236 [32minfo[39m: [32mSocket.IO configurado para streaming[39m {}
[StreamSocket] 2025-11-20 17:12:56:1256 [32minfo[39m: [32mCliente conectado: 6K-Ac_aYbe69pv_uAAAB[39m {}
[StreamSocket] 2025-11-20 17:12:57:1257 [32minfo[39m: [32mWebRTC offer enviado en stream stream_c2d20d56-73e0-4f41-9c6b-9c2cde56e13e[39m {}
[StreamSocket] 2025-11-20 17:12:57:1257 [32minfo[39m: [32mUsuario Streamer (streamer) se unió al stream stream_c2d20d56-73e0-4f41-9c6b-9c2cde56e13e[39m {}
[StreamSocket] 2025-11-20 17:13:10:1310 [32minfo[39m: [32mUsuario streamer salió del stream stream_c2d20d56-73e0-4f41-9c6b-9c2cde56e13e[39m {}
[StreamSocket] 2025-11-20 17:13:10:1310 [32minfo[39m: [32mCliente desconectado: 6K-Ac_aYbe69pv_uAAAB[39m {}
[StreamSocket] 2025-11-20 17:20:51:2051 [32minfo[39m: [32mSocket.IO configurado para streaming[39m {}
[StreamSocket] 2025-11-20 17:29:04:294 [32minfo[39m: [32mCliente conectado: aK_3rHpNzIrquoM3AAAB[39m {}
[StreamSocket] 2025-11-20 17:29:04:294 [32minfo[39m: [32mWebRTC offer enviado en stream stream_b003ce2f-c52c-4b92-a196-cd7c2c94054d[39m {}
[StreamSocket] 2025-11-20 17:29:04:294 [32minfo[39m: [32mUsuario Streamer (streamer) se unió al stream stream_b003ce2f-c52c-4b92-a196-cd7c2c94054d[39m {}
[StreamSocket] 2025-11-20 17:29:07:297 [32minfo[39m: [32mUsuario streamer salió del stream stream_b003ce2f-c52c-4b92-a196-cd7c2c94054d[39m {}
[StreamSocket] 2025-11-20 17:29:07:297 [32minfo[39m: [32mCliente desconectado: aK_3rHpNzIrquoM3AAAB[39m {}
[StreamSocket] 2025-11-20 18:31:30:3130 [32minfo[39m: [32mSocket.IO configurado para streaming[39m {}
[StreamSocket] 2025-11-20 18:34:40:3440 [32minfo[39m: [32mSocket.IO configurado para streaming[39m {}
[StreamSocket] 2025-11-20 19:24:32:2432 [32minfo[39m: [32mCliente conectado: Y8Xbrloq-j1uue46AAAB[39m {}
[StreamSocket] 2025-11-20 19:24:32:2432 [32minfo[39m: [32mCliente desconectado: Y8Xbrloq-j1uue46AAAB[39m {}
[StreamSocket] 2025-11-20 19:37:52:3752 [32minfo[39m: [32mCliente conectado: ZXWioErmzrzDwHQxAAAD[39m {}
[StreamSocket] 2025-11-20 19:37:52:3752 [32minfo[39m: [32mCliente desconectado: ZXWioErmzrzDwHQxAAAD[39m {}
[StreamSocket] 2025-11-20 19:41:32:4132 [32minfo[39m: [32mCliente conectado: PU0nD5zioz50SbXwAAAF[39m {}
[StreamSocket] 2025-11-20 19:41:45:4145 [32minfo[39m: [32mWebRTC offer enviado en stream stream_c03a999d-b1d4-46f5-a0da-e6a2c2d47454[39m {}
[StreamSocket] 2025-11-20 19:41:46:4146 [32minfo[39m: [32mUsuario Streamer (streamer) se unió al stream stream_c03a999d-b1d4-46f5-a0da-e6a2c2d47454[39m {}
[StreamSocket] 2025-11-20 19:50:12:5012 [32minfo[39m: [32mCliente desconectado: PU0nD5zioz50SbXwAAAF[39m {}
[StreamSocket] 2025-11-20 19:50:14:5014 [32minfo[39m: [32mCliente conectado: tE9kCzykGwKIuv4RAAAH[39m {}
[StreamSocket] 2025-11-20 19:50:14:5014 [32minfo[39m: [32mUsuario Streamer (streamer) se unió al stream stream_c03a999d-b1d4-46f5-a0da-e6a2c2d47454[39m {}
[StreamSocket] 2025-11-20 19:50:15:5015 [32minfo[39m: [32mWebRTC offer enviado en stream stream_c03a999d-b1d4-46f5-a0da-e6a2c2d47454[39m {}
[StreamSocket] 2025-11-20 19:50:19:5019 [32minfo[39m: [32mCliente desconectado: tE9kCzykGwKIuv4RAAAH[39m {}
[StreamSocket] 2025-11-20 19:50:20:5020 [32minfo[39m: [32mCliente conectado: hQvSHEY3PC4mzrVYAAAJ[39m {}
[StreamSocket] 2025-11-20 19:50:20:5020 [32minfo[39m: [32mUsuario Streamer (streamer) se unió al stream stream_c03a999d-b1d4-46f5-a0da-e6a2c2d47454[39m {}
[StreamSocket] 2025-11-20 19:50:21:5021 [32minfo[39m: [32mWebRTC offer enviado en stream stream_c03a999d-b1d4-46f5-a0da-e6a2c2d47454[39m {}
[StreamSocket] 2025-11-20 19:52:12:5212 [32minfo[39m: [32mCliente desconectado: hQvSHEY3PC4mzrVYAAAJ[39m {}
[StreamSocket] 2025-11-20 19:52:14:5214 [32minfo[39m: [32mCliente conectado: iOOKNuERcxHy1yn9AAAL[39m {}
[StreamSocket] 2025-11-20 19:52:14:5214 [32minfo[39m: [32mUsuario Streamer (streamer) se unió al stream stream_c03a999d-b1d4-46f5-a0da-e6a2c2d47454[39m {}
[StreamSocket] 2025-11-20 19:52:15:5215 [32minfo[39m: [32mWebRTC offer enviado en stream stream_c03a999d-b1d4-46f5-a0da-e6a2c2d47454[39m {}
[StreamSocket] 2025-11-20 19:52:23:5223 [32minfo[39m: [32mCliente desconectado: iOOKNuERcxHy1yn9AAAL[39m {}
[StreamSocket] 2025-11-20 19:52:24:5224 [32minfo[39m: [32mCliente conectado: ncePUPfudIMbbAZEAAAN[39m {}
[StreamSocket] 2025-11-20 19:52:24:5224 [32minfo[39m: [32mUsuario Streamer (streamer) se unió al stream stream_c03a999d-b1d4-46f5-a0da-e6a2c2d47454[39m {}
[StreamSocket] 2025-11-20 19:52:25:5225 [32minfo[39m: [32mWebRTC offer enviado en stream stream_c03a999d-b1d4-46f5-a0da-e6a2c2d47454[39m {}
[StreamSocket] 2025-11-20 19:54:14:5414 [32minfo[39m: [32mCliente desconectado: ncePUPfudIMbbAZEAAAN[39m {}
[StreamSocket] 2025-11-20 19:54:16:5416 [32minfo[39m: [32mCliente conectado: HyhtIDbZ59UQ8TrbAAAP[39m {}
[StreamSocket] 2025-11-20 19:54:16:5416 [32minfo[39m: [32mUsuario Streamer (streamer) se unió al stream stream_c03a999d-b1d4-46f5-a0da-e6a2c2d47454[39m {}
[StreamSocket] 2025-11-20 19:54:17:5417 [32minfo[39m: [32mWebRTC offer enviado en stream stream_c03a999d-b1d4-46f5-a0da-e6a2c2d47454[39m {}
[StreamSocket] 2025-11-20 19:54:21:5421 [32minfo[39m: [32mCliente desconectado: HyhtIDbZ59UQ8TrbAAAP[39m {}
[StreamSocket] 2025-11-20 19:54:21:5421 [32minfo[39m: [32mCliente conectado: OhNgikVmzAXnyScEAAAR[39m {}
[StreamSocket] 2025-11-20 19:54:21:5421 [32minfo[39m: [32mUsuario Streamer (streamer) se unió al stream stream_c03a999d-b1d4-46f5-a0da-e6a2c2d47454[39m {}
[StreamSocket] 2025-11-20 19:54:22:5422 [32minfo[39m: [32mWebRTC offer enviado en stream stream_c03a999d-b1d4-46f5-a0da-e6a2c2d47454[39m {}
[StreamSocket] 2025-11-20 19:55:05:555 [32minfo[39m: [32mCliente desconectado: OhNgikVmzAXnyScEAAAR[39m {}
[StreamSocket] 2025-11-20 19:55:06:556 [32minfo[39m: [32mCliente conectado: nSWLfSyqmBkyUi0RAAAT[39m {}
[StreamSocket] 2025-11-20 19:55:06:556 [32minfo[39m: [32mUsuario Streamer (streamer) se unió al stream stream_c03a999d-b1d4-46f5-a0da-e6a2c2d47454[39m {}
[StreamSocket] 2025-11-20 19:55:07:557 [32minfo[39m: [32mWebRTC offer enviado en stream stream_c03a999d-b1d4-46f5-a0da-e6a2c2d47454[39m {}
[StreamSocket] 2025-11-20 19:55:34:5534 [32minfo[39m: [32mCliente desconectado: nSWLfSyqmBkyUi0RAAAT[39m {}
[StreamSocket] 2025-11-20 19:55:35:5535 [32minfo[39m: [32mCliente conectado: tyVpf_FBLYUzSP4XAAAV[39m {}
[StreamSocket] 2025-11-20 19:55:35:5535 [32minfo[39m: [32mUsuario Streamer (streamer) se unió al stream stream_c03a999d-b1d4-46f5-a0da-e6a2c2d47454[39m {}
[StreamSocket] 2025-11-20 19:55:36:5536 [32minfo[39m: [32mWebRTC offer enviado en stream stream_c03a999d-b1d4-46f5-a0da-e6a2c2d47454[39m {}
[StreamSocket] 2025-11-20 19:55:41:5541 [32minfo[39m: [32mCliente desconectado: tyVpf_FBLYUzSP4XAAAV[39m {}
[StreamSocket] 2025-11-20 19:55:42:5542 [32minfo[39m: [32mCliente conectado: UtWppVnecn5Pe-4mAAAX[39m {}
[StreamSocket] 2025-11-20 19:55:42:5542 [32minfo[39m: [32mUsuario Streamer (streamer) se unió al stream stream_c03a999d-b1d4-46f5-a0da-e6a2c2d47454[39m {}
[StreamSocket] 2025-11-20 19:55:43:5543 [32minfo[39m: [32mWebRTC offer enviado en stream stream_c03a999d-b1d4-46f5-a0da-e6a2c2d47454[39m {}
[StreamSocket] 2025-11-20 19:56:20:5620 [32minfo[39m: [32mCliente desconectado: UtWppVnecn5Pe-4mAAAX[39m {}
[StreamSocket] 2025-11-20 19:56:21:5621 [32minfo[39m: [32mCliente conectado: mliDC2aAl5QYdwDYAAAZ[39m {}
[StreamSocket] 2025-11-20 19:56:21:5621 [32minfo[39m: [32mUsuario Streamer (streamer) se unió al stream stream_c03a999d-b1d4-46f5-a0da-e6a2c2d47454[39m {}
[StreamSocket] 2025-11-20 19:56:22:5622 [32minfo[39m: [32mWebRTC offer enviado en stream stream_c03a999d-b1d4-46f5-a0da-e6a2c2d47454[39m {}
[StreamSocket] 2025-11-20 19:56:23:5623 [32minfo[39m: [32mCliente desconectado: mliDC2aAl5QYdwDYAAAZ[39m {}
[StreamSocket] 2025-11-20 19:56:24:5624 [32minfo[39m: [32mCliente conectado: spUJqauVZDWHp6qSAAAb[39m {}
[StreamSocket] 2025-11-20 19:56:24:5624 [32minfo[39m: [32mUsuario Streamer (streamer) se unió al stream stream_c03a999d-b1d4-46f5-a0da-e6a2c2d47454[39m {}
[StreamSocket] 2025-11-20 19:56:25:5625 [32minfo[39m: [32mWebRTC offer enviado en stream stream_c03a999d-b1d4-46f5-a0da-e6a2c2d47454[39m {}
[StreamSocket] 2025-11-20 20:00:04:04 [32minfo[39m: [32mCliente desconectado: spUJqauVZDWHp6qSAAAb[39m {}
[StreamSocket] 2025-11-20 20:00:05:05 [32minfo[39m: [32mCliente conectado: RTBaQ6tfZGJ3pomLAAAd[39m {}
[StreamSocket] 2025-11-20 20:00:05:05 [32minfo[39m: [32mUsuario Streamer (streamer) se unió al stream stream_c03a999d-b1d4-46f5-a0da-e6a2c2d47454[39m {}
[StreamSocket] 2025-11-20 20:00:06:06 [32minfo[39m: [32mWebRTC offer enviado en stream stream_c03a999d-b1d4-46f5-a0da-e6a2c2d47454[39m {}
[StreamSocket] 2025-11-20 20:00:34:034 [32minfo[39m: [32mCliente desconectado: RTBaQ6tfZGJ3pomLAAAd[39m {}
[StreamSocket] 2025-11-20 20:04:52:452 [32minfo[39m: [32mCliente conectado: uRlB5O4ksVvKjwGLAAAf[39m {}
[StreamSocket] 2025-11-20 20:04:53:453 [32minfo[39m: [32mUsuario Streamer (streamer) se unió al stream stream_c03a999d-b1d4-46f5-a0da-e6a2c2d47454[39m {}
[StreamSocket] 2025-11-20 20:04:55:455 [32minfo[39m: [32mWebRTC offer enviado en stream stream_c03a999d-b1d4-46f5-a0da-e6a2c2d47454[39m {}
[StreamSocket] 2025-11-20 20:07:53:753 [32minfo[39m: [32mUsuario streamer salió del stream stream_c03a999d-b1d4-46f5-a0da-e6a2c2d47454[39m {}
[StreamSocket] 2025-11-20 20:07:53:753 [32minfo[39m: [32mCliente desconectado: uRlB5O4ksVvKjwGLAAAf[39m {}
[StreamSocket] 2025-11-20 20:09:33:933 [32minfo[39m: [32mCliente conectado: dkT1kT-geHENr5vMAAAh[39m {}
[StreamSocket] 2025-11-20 20:09:35:935 [32minfo[39m: [32mWebRTC offer enviado en stream stream_b853ca18-4ad4-4993-9a41-aa65a09849a7[39m {}
[StreamSocket] 2025-11-20 20:09:35:935 [32minfo[39m: [32mUsuario Streamer (streamer) se unió al stream stream_b853ca18-4ad4-4993-9a41-aa65a09849a7[39m {}
[StreamSocket] 2025-11-20 20:09:51:951 [32minfo[39m: [32mCliente desconectado: dkT1kT-geHENr5vMAAAh[39m {}
[StreamSocket] 2025-11-20 20:10:21:1021 [32minfo[39m: [32mCliente conectado: O_D-MsYqKldDk4m5AAAj[39m {}
[StreamSocket] 2025-11-20 20:10:21:1021 [32minfo[39m: [32mUsuario Streamer (streamer) se unió al stream stream_b853ca18-4ad4-4993-9a41-aa65a09849a7[39m {}
[StreamSocket] 2025-11-20 20:10:23:1023 [32minfo[39m: [32mWebRTC offer enviado en stream stream_b853ca18-4ad4-4993-9a41-aa65a09849a7[39m {}
[StreamSocket] 2025-11-20 20:10:59:1059 [32minfo[39m: [32mMensaje en stream stream_b853ca18-4ad4-4993-9a41-aa65a09849a7 de Streamer: ghjghjhjghgj[39m {}
[StreamSocket] 2025-11-20 20:11:57:1157 [32minfo[39m: [32mCliente desconectado: O_D-MsYqKldDk4m5AAAj[39m {}
[StreamSocket] 2025-11-20 20:22:39:2239 [32minfo[39m: [32mCliente conectado: QZaUnbpuwDDNmcjZAAAl[39m {}
[StreamSocket] 2025-11-20 20:22:39:2239 [32minfo[39m: [32mUsuario Invitado (guest_1763680959284) se unió al stream stream_b853ca18-4ad4-4993-9a41-aa65a09849a7[39m {}
[StreamSocket] 2025-11-20 20:22:40:2240 [32minfo[39m: [32mCliente desconectado: QZaUnbpuwDDNmcjZAAAl[39m {}
[StreamSocket] 2025-11-20 20:22:41:2241 [32minfo[39m: [32mCliente conectado: M5v2slTt4xYRZRq2AAAn[39m {}
[StreamSocket] 2025-11-20 20:22:41:2241 [32minfo[39m: [32mUsuario Invitado (guest_1763680961379) se unió al stream stream_b853ca18-4ad4-4993-9a41-aa65a09849a7[39m {}
[StreamSocket] 2025-11-20 20:22:48:2248 [32minfo[39m: [32mUsuario guest_1763680968782 salió del stream stream_b853ca18-4ad4-4993-9a41-aa65a09849a7[39m {}
[StreamSocket] 2025-11-20 20:22:48:2248 [32minfo[39m: [32mCliente desconectado: M5v2slTt4xYRZRq2AAAn[39m {}
[StreamSocket] 2025-11-20 20:46:40:4640 [32minfo[39m: [32mSocket.IO configurado para streaming[39m {}
[StreamSocket] 2025-11-22 11:45:56:4556 [32minfo[39m: [32mSocket.IO configurado para streaming[39m {}
[StreamSocket] 2025-11-23 19:51:02:512 [32minfo[39m: [32mSocket.IO configurado para streaming[39m {}
[StreamSocket] 2025-11-23 20:52:34:5234 [32minfo[39m: [32mCliente conectado: JlbS6e_A8k7ffK1IAAAB[39m {}
[StreamSocket] 2025-11-23 20:52:34:5234 [32minfo[39m: [32mUsuario Invitado (guest_1763941954099) se unió al stream stream_b853ca18-4ad4-4993-9a41-aa65a09849a7[39m {}
[StreamSocket] 2025-11-23 20:52:45:5245 [32minfo[39m: [32mUsuario guest_1763941965033 salió del stream stream_b853ca18-4ad4-4993-9a41-aa65a09849a7[39m {}
[StreamSocket] 2025-11-23 20:52:45:5245 [32minfo[39m: [32mCliente desconectado: JlbS6e_A8k7ffK1IAAAB[39m {}
[StreamSocket] 2025-11-23 21:21:35:2135 [32minfo[39m: [32mCliente conectado: AqdlCXgPKLmDBOZkAAAD[39m {}
[StreamSocket] 2025-11-23 21:21:35:2135 [32minfo[39m: [32mUsuario Invitado (guest_1763943695376) se unió al stream stream_b853ca18-4ad4-4993-9a41-aa65a09849a7[39m {}
[StreamSocket] 2025-11-23 21:21:59:2159 [32minfo[39m: [32mUsuario guest_1763943719342 salió del stream stream_b853ca18-4ad4-4993-9a41-aa65a09849a7[39m {}
[StreamSocket] 2025-11-23 21:21:59:2159 [32minfo[39m: [32mCliente desconectado: AqdlCXgPKLmDBOZkAAAD[39m {}
[StreamSocket] 2025-11-23 21:22:18:2218 [32minfo[39m: [32mCliente conectado: hE8hPm4GIPhBYKr1AAAF[39m {}
[StreamSocket] 2025-11-23 21:22:18:2218 [32minfo[39m: [32mUsuario Invitado (guest_1763943738327) se unió al stream stream_b853ca18-4ad4-4993-9a41-aa65a09849a7[39m {}
[StreamSocket] 2025-11-23 21:22:21:2221 [32minfo[39m: [32mCliente desconectado: hE8hPm4GIPhBYKr1AAAF[39m {}
[StreamSocket] 2025-11-23 21:22:22:2222 [32minfo[39m: [32mCliente conectado: SJnxSus3rDYMQP4wAAAH[39m {}
[StreamSocket] 2025-11-23 21:22:22:2222 [32minfo[39m: [32mUsuario Invitado (guest_1763943742214) se unió al stream stream_b853ca18-4ad4-4993-9a41-aa65a09849a7[39m {}
[StreamSocket] 2025-11-23 21:22:27:2227 [32minfo[39m: [32mCliente desconectado: SJnxSus3rDYMQP4wAAAH[39m {}
[StreamSocket] 2025-11-23 21:22:29:2229 [32minfo[39m: [32mCliente conectado: npoLnTBkVJfpt1MhAAAJ[39m {}
[StreamSocket] 2025-11-23 21:22:29:2229 [32minfo[39m: [32mUsuario Invitado (guest_1763943749685) se unió al stream stream_b853ca18-4ad4-4993-9a41-aa65a09849a7[39m {}
[StreamSocket] 2025-11-23 21:22:31:2231 [32minfo[39m: [32mUsuario guest_1763943751663 salió del stream stream_b853ca18-4ad4-4993-9a41-aa65a09849a7[39m {}
[StreamSocket] 2025-11-23 21:22:31:2231 [32minfo[39m: [32mCliente desconectado: npoLnTBkVJfpt1MhAAAJ[39m {}
[StreamSocket] 2025-11-23 21:24:22:2422 [32minfo[39m: [32mCliente conectado: PmYX5q_E9Jk8A23OAAAL[39m {}
[StreamSocket] 2025-11-23 21:24:22:2422 [32minfo[39m: [32mUsuario Invitado (guest_1763943862376) se unió al stream stream_b853ca18-4ad4-4993-9a41-aa65a09849a7[39m {}
[StreamSocket] 2025-11-23 21:24:55:2455 [32minfo[39m: [32mCliente desconectado: PmYX5q_E9Jk8A23OAAAL[39m {}
[StreamSocket] 2025-11-23 21:24:58:2458 [32minfo[39m: [32mCliente conectado: Eytr0Rrh2-Rnm2i4AAAN[39m {}
[StreamSocket] 2025-11-23 21:24:58:2458 [32minfo[39m: [32mUsuario Invitado (guest_1763943898429) se unió al stream stream_b853ca18-4ad4-4993-9a41-aa65a09849a7[39m {}
[StreamSocket] 2025-11-23 21:25:10:2510 [32minfo[39m: [32mCliente desconectado: Eytr0Rrh2-Rnm2i4AAAN[39m {}
[StreamSocket] 2025-11-23 21:25:11:2511 [32minfo[39m: [32mCliente conectado: YcJuaBVdzq1aBc6QAAAP[39m {}
[StreamSocket] 2025-11-23 21:25:11:2511 [32minfo[39m: [32mUsuario Invitado (guest_1763943911020) se unió al stream stream_b853ca18-4ad4-4993-9a41-aa65a09849a7[39m {}
[StreamSocket] 2025-11-23 21:25:19:2519 [32minfo[39m: [32mCliente desconectado: YcJuaBVdzq1aBc6QAAAP[39m {}
[StreamSocket] 2025-11-23 21:25:19:2519 [32minfo[39m: [32mCliente conectado: mo7GKa1HUlRmZhg0AAAR[39m {}
[StreamSocket] 2025-11-23 21:25:19:2519 [32minfo[39m: [32mUsuario Invitado (guest_1763943919640) se unió al stream stream_b853ca18-4ad4-4993-9a41-aa65a09849a7[39m {}
[StreamSocket] 2025-11-23 21:25:52:2552 [32minfo[39m: [32mCliente desconectado: mo7GKa1HUlRmZhg0AAAR[39m {}
[StreamSocket] 2025-11-23 21:25:53:2553 [32minfo[39m: [32mCliente conectado: ogaz7Uhvg37G6MUeAAAT[39m {}
[StreamSocket] 2025-11-23 21:25:53:2553 [32minfo[39m: [32mUsuario Invitado (guest_1763943953117) se unió al stream stream_b853ca18-4ad4-4993-9a41-aa65a09849a7[39m {}
[StreamSocket] 2025-11-23 21:25:53:2553 [32minfo[39m: [32mUsuario guest_1763943953863 salió del stream stream_b853ca18-4ad4-4993-9a41-aa65a09849a7[39m {}
[StreamSocket] 2025-11-23 21:25:53:2553 [32minfo[39m: [32mCliente desconectado: ogaz7Uhvg37G6MUeAAAT[39m {}
[StreamSocket] 2025-11-23 21:25:55:2555 [32minfo[39m: [32mCliente conectado: OTiINJ8yXzad5F5XAAAV[39m {}
[StreamSocket] 2025-11-23 21:25:55:2555 [32minfo[39m: [32mUsuario Invitado (guest_1763943955252) se unió al stream stream_b853ca18-4ad4-4993-9a41-aa65a09849a7[39m {}
[StreamSocket] 2025-11-23 21:26:41:2641 [32minfo[39m: [32mCliente desconectado: OTiINJ8yXzad5F5XAAAV[39m {}
[StreamSocket] 2025-11-23 21:26:42:2642 [32minfo[39m: [32mCliente conectado: mcbIZ81BvIozL_5HAAAX[39m {}
[StreamSocket] 2025-11-23 21:26:42:2642 [32minfo[39m: [32mUsuario Invitado (guest_1763944001919) se unió al stream stream_b853ca18-4ad4-4993-9a41-aa65a09849a7[39m {}
[StreamSocket] 2025-11-23 21:26:52:2652 [32minfo[39m: [32mCliente desconectado: mcbIZ81BvIozL_5HAAAX[39m {}
[StreamSocket] 2025-11-23 21:26:53:2653 [32minfo[39m: [32mCliente conectado: 89dPQHi9s-N5QtTkAAAZ[39m {}
[StreamSocket] 2025-11-23 21:26:53:2653 [32minfo[39m: [32mUsuario Invitado (guest_1763944012917) se unió al stream stream_b853ca18-4ad4-4993-9a41-aa65a09849a7[39m {}
[StreamSocket] 2025-11-23 21:27:10:2710 [32minfo[39m: [32mCliente desconectado: 89dPQHi9s-N5QtTkAAAZ[39m {}
[StreamSocket] 2025-11-23 21:27:14:2714 [32minfo[39m: [32mCliente conectado: Hs-EJ1kkCpFnFPEUAAAb[39m {}
[StreamSocket] 2025-11-23 21:27:14:2714 [32minfo[39m: [32mUsuario Invitado (guest_1763944034119) se unió al stream stream_b853ca18-4ad4-4993-9a41-aa65a09849a7[39m {}
[StreamSocket] 2025-11-23 21:27:24:2724 [32minfo[39m: [32mCliente desconectado: Hs-EJ1kkCpFnFPEUAAAb[39m {}
[StreamSocket] 2025-11-23 22:02:10:210 [32minfo[39m: [32mSocket.IO configurado para streaming[39m {}
